Determining if the pthread_create exist failed with the following output:
Change Dir: /home/amr/asu_swarm_gp19/build/image_view/CMakeFiles/CMakeTmp

Run Build Command:"/usr/bin/make" "cmTC_470aa/fast"
/usr/bin/make -f CMakeFiles/cmTC_470aa.dir/build.make CMakeFiles/cmTC_470aa.dir/build
make[1]: Entering directory '/home/amr/asu_swarm_gp19/build/image_view/CMakeFiles/CMakeTmp'
Building C object CMakeFiles/cmTC_470aa.dir/CheckSymbolExists.c.o
/usr/bin/cc     -o CMakeFiles/cmTC_470aa.dir/CheckSymbolExists.c.o   -c /home/amr/asu_swarm_gp19/build/image_view/CMakeFiles/CMakeTmp/CheckSymbolExists.c
Linking C executable cmTC_470aa
/usr/bin/cmake -E cmake_link_script CMakeFiles/cmTC_470aa.dir/link.txt --verbose=1
/usr/bin/cc       CMakeFiles/cmTC_470aa.dir/CheckSymbolExists.c.o  -o cmTC_470aa -rdynamic 
CMakeFiles/cmTC_470aa.dir/CheckSymbolExists.c.o: In function `main':
CheckSymbolExists.c:(.text+0x16): undefined reference to `pthread_create'
collect2: error: ld returned 1 exit status
CMakeFiles/cmTC_470aa.dir/build.make:97: recipe for target 'cmTC_470aa' failed
make[1]: *** [cmTC_470aa] Error 1
make[1]: Leaving directory '/home/amr/asu_swarm_gp19/build/image_view/CMakeFiles/CMakeTmp'
Makefile:126: recipe for target 'cmTC_470aa/fast' failed
make: *** [cmTC_470aa/fast] Error 2

File /home/amr/asu_swarm_gp19/build/image_view/CMakeFiles/CMakeTmp/CheckSymbolExists.c:
/* */
#include <pthread.h>

int main(int argc, char** argv)
{
  (void)argv;
#ifndef pthread_create
  return ((int*)(&pthread_create))[argc];
#else
  (void)argc;
  return 0;
#endif
}

Determining if the function pthread_create exists in the pthreads failed with the following output:
Change Dir: /home/amr/asu_swarm_gp19/build/image_view/CMakeFiles/CMakeTmp

Run Build Command:"/usr/bin/make" "cmTC_8ab72/fast"
/usr/bin/make -f CMakeFiles/cmTC_8ab72.dir/build.make CMakeFiles/cmTC_8ab72.dir/build
make[1]: Entering directory '/home/amr/asu_swarm_gp19/build/image_view/CMakeFiles/CMakeTmp'
Building C object CMakeFiles/cmTC_8ab72.dir/CheckFunctionExists.c.o
/usr/bin/cc    -DCHECK_FUNCTION_EXISTS=pthread_create   -o CMakeFiles/cmTC_8ab72.dir/CheckFunctionExists.c.o   -c /usr/share/cmake-3.5/Modules/CheckFunctionExists.c
Linking C executable cmTC_8ab72
/usr/bin/cmake -E cmake_link_script CMakeFiles/cmTC_8ab72.dir/link.txt --verbose=1
/usr/bin/cc   -DCHECK_FUNCTION_EXISTS=pthread_create    CMakeFiles/cmTC_8ab72.dir/CheckFunctionExists.c.o  -o cmTC_8ab72 -rdynamic -lpthreads 
/usr/bin/ld: cannot find -lpthreads
collect2: error: ld returned 1 exit status
CMakeFiles/cmTC_8ab72.dir/build.make:97: recipe for target 'cmTC_8ab72' failed
make[1]: *** [cmTC_8ab72] Error 1
make[1]: Leaving directory '/home/amr/asu_swarm_gp19/build/image_view/CMakeFiles/CMakeTmp'
Makefile:126: recipe for target 'cmTC_8ab72/fast' failed
make: *** [cmTC_8ab72/fast] Error 2


