Determining if the pthread_create exist failed with the following output:
Change Dir: /home/amr/asu_swarm_gp19/build/go_to_goal/CMakeFiles/CMakeTmp

Run Build Command:"/usr/bin/make" "cmTC_7950c/fast"
/usr/bin/make -f CMakeFiles/cmTC_7950c.dir/build.make CMakeFiles/cmTC_7950c.dir/build
make[1]: Entering directory '/home/amr/asu_swarm_gp19/build/go_to_goal/CMakeFiles/CMakeTmp'
Building C object CMakeFiles/cmTC_7950c.dir/CheckSymbolExists.c.o
/usr/bin/cc     -o CMakeFiles/cmTC_7950c.dir/CheckSymbolExists.c.o   -c /home/amr/asu_swarm_gp19/build/go_to_goal/CMakeFiles/CMakeTmp/CheckSymbolExists.c
Linking C executable cmTC_7950c
/usr/bin/cmake -E cmake_link_script CMakeFiles/cmTC_7950c.dir/link.txt --verbose=1
/usr/bin/cc       CMakeFiles/cmTC_7950c.dir/CheckSymbolExists.c.o  -o cmTC_7950c -rdynamic 
CMakeFiles/cmTC_7950c.dir/CheckSymbolExists.c.o: In function `main':
CheckSymbolExists.c:(.text+0x16): undefined reference to `pthread_create'
collect2: error: ld returned 1 exit status
CMakeFiles/cmTC_7950c.dir/build.make:97: recipe for target 'cmTC_7950c' failed
make[1]: *** [cmTC_7950c] Error 1
make[1]: Leaving directory '/home/amr/asu_swarm_gp19/build/go_to_goal/CMakeFiles/CMakeTmp'
Makefile:126: recipe for target 'cmTC_7950c/fast' failed
make: *** [cmTC_7950c/fast] Error 2

File /home/amr/asu_swarm_gp19/build/go_to_goal/CMakeFiles/CMakeTmp/CheckSymbolExists.c:
/* */
#include <pthread.h>

int main(int argc, char** argv)
{
  (void)argv;
#ifndef pthread_create
  return ((int*)(&pthread_create))[argc];
#else
  (void)argc;
  return 0;
#endif
}

Determining if the function pthread_create exists in the pthreads failed with the following output:
Change Dir: /home/amr/asu_swarm_gp19/build/go_to_goal/CMakeFiles/CMakeTmp

Run Build Command:"/usr/bin/make" "cmTC_89656/fast"
/usr/bin/make -f CMakeFiles/cmTC_89656.dir/build.make CMakeFiles/cmTC_89656.dir/build
make[1]: Entering directory '/home/amr/asu_swarm_gp19/build/go_to_goal/CMakeFiles/CMakeTmp'
Building C object CMakeFiles/cmTC_89656.dir/CheckFunctionExists.c.o
/usr/bin/cc    -DCHECK_FUNCTION_EXISTS=pthread_create   -o CMakeFiles/cmTC_89656.dir/CheckFunctionExists.c.o   -c /usr/share/cmake-3.5/Modules/CheckFunctionExists.c
Linking C executable cmTC_89656
/usr/bin/cmake -E cmake_link_script CMakeFiles/cmTC_89656.dir/link.txt --verbose=1
/usr/bin/cc   -DCHECK_FUNCTION_EXISTS=pthread_create    CMakeFiles/cmTC_89656.dir/CheckFunctionExists.c.o  -o cmTC_89656 -rdynamic -lpthreads 
/usr/bin/ld: cannot find -lpthreads
collect2: error: ld returned 1 exit status
CMakeFiles/cmTC_89656.dir/build.make:97: recipe for target 'cmTC_89656' failed
make[1]: *** [cmTC_89656] Error 1
make[1]: Leaving directory '/home/amr/asu_swarm_gp19/build/go_to_goal/CMakeFiles/CMakeTmp'
Makefile:126: recipe for target 'cmTC_89656/fast' failed
make: *** [cmTC_89656/fast] Error 2


