Determining if the pthread_create exist failed with the following output:
Change Dir: /home/amr/asu_swarm_gp19/build/swarm_formation_19/CMakeFiles/CMakeTmp

Run Build Command:"/usr/bin/make" "cmTC_073ca/fast"
/usr/bin/make -f CMakeFiles/cmTC_073ca.dir/build.make CMakeFiles/cmTC_073ca.dir/build
make[1]: Entering directory '/home/amr/asu_swarm_gp19/build/swarm_formation_19/CMakeFiles/CMakeTmp'
Building C object CMakeFiles/cmTC_073ca.dir/CheckSymbolExists.c.o
/usr/bin/cc     -o CMakeFiles/cmTC_073ca.dir/CheckSymbolExists.c.o   -c /home/amr/asu_swarm_gp19/build/swarm_formation_19/CMakeFiles/CMakeTmp/CheckSymbolExists.c
Linking C executable cmTC_073ca
/usr/bin/cmake -E cmake_link_script CMakeFiles/cmTC_073ca.dir/link.txt --verbose=1
/usr/bin/cc       CMakeFiles/cmTC_073ca.dir/CheckSymbolExists.c.o  -o cmTC_073ca -rdynamic 
CMakeFiles/cmTC_073ca.dir/CheckSymbolExists.c.o: In function `main':
CheckSymbolExists.c:(.text+0x16): undefined reference to `pthread_create'
collect2: error: ld returned 1 exit status
CMakeFiles/cmTC_073ca.dir/build.make:97: recipe for target 'cmTC_073ca' failed
make[1]: *** [cmTC_073ca] Error 1
make[1]: Leaving directory '/home/amr/asu_swarm_gp19/build/swarm_formation_19/CMakeFiles/CMakeTmp'
Makefile:126: recipe for target 'cmTC_073ca/fast' failed
make: *** [cmTC_073ca/fast] Error 2

File /home/amr/asu_swarm_gp19/build/swarm_formation_19/CMakeFiles/CMakeTmp/CheckSymbolExists.c:
/* */
#include <pthread.h>

int main(int argc, char** argv)
{
  (void)argv;
#ifndef pthread_create
  return ((int*)(&pthread_create))[argc];
#else
  (void)argc;
  return 0;
#endif
}

Determining if the function pthread_create exists in the pthreads failed with the following output:
Change Dir: /home/amr/asu_swarm_gp19/build/swarm_formation_19/CMakeFiles/CMakeTmp

Run Build Command:"/usr/bin/make" "cmTC_002ab/fast"
/usr/bin/make -f CMakeFiles/cmTC_002ab.dir/build.make CMakeFiles/cmTC_002ab.dir/build
make[1]: Entering directory '/home/amr/asu_swarm_gp19/build/swarm_formation_19/CMakeFiles/CMakeTmp'
Building C object CMakeFiles/cmTC_002ab.dir/CheckFunctionExists.c.o
/usr/bin/cc    -DCHECK_FUNCTION_EXISTS=pthread_create   -o CMakeFiles/cmTC_002ab.dir/CheckFunctionExists.c.o   -c /usr/share/cmake-3.5/Modules/CheckFunctionExists.c
Linking C executable cmTC_002ab
/usr/bin/cmake -E cmake_link_script CMakeFiles/cmTC_002ab.dir/link.txt --verbose=1
/usr/bin/cc   -DCHECK_FUNCTION_EXISTS=pthread_create    CMakeFiles/cmTC_002ab.dir/CheckFunctionExists.c.o  -o cmTC_002ab -rdynamic -lpthreads 
/usr/bin/ld: cannot find -lpthreads
collect2: error: ld returned 1 exit status
CMakeFiles/cmTC_002ab.dir/build.make:97: recipe for target 'cmTC_002ab' failed
make[1]: *** [cmTC_002ab] Error 1
make[1]: Leaving directory '/home/amr/asu_swarm_gp19/build/swarm_formation_19/CMakeFiles/CMakeTmp'
Makefile:126: recipe for target 'cmTC_002ab/fast' failed
make: *** [cmTC_002ab/fast] Error 2


