Determining if the pthread_create exist failed with the following output:
Change Dir: /home/amr/asu_swarm_gp19/build/camera_calibration/CMakeFiles/CMakeTmp

Run Build Command:"/usr/bin/make" "cmTC_0f8cc/fast"
/usr/bin/make -f CMakeFiles/cmTC_0f8cc.dir/build.make CMakeFiles/cmTC_0f8cc.dir/build
make[1]: Entering directory '/home/amr/asu_swarm_gp19/build/camera_calibration/CMakeFiles/CMakeTmp'
Building C object CMakeFiles/cmTC_0f8cc.dir/CheckSymbolExists.c.o
/usr/bin/cc     -o CMakeFiles/cmTC_0f8cc.dir/CheckSymbolExists.c.o   -c /home/amr/asu_swarm_gp19/build/camera_calibration/CMakeFiles/CMakeTmp/CheckSymbolExists.c
Linking C executable cmTC_0f8cc
/usr/bin/cmake -E cmake_link_script CMakeFiles/cmTC_0f8cc.dir/link.txt --verbose=1
/usr/bin/cc       CMakeFiles/cmTC_0f8cc.dir/CheckSymbolExists.c.o  -o cmTC_0f8cc -rdynamic 
CMakeFiles/cmTC_0f8cc.dir/CheckSymbolExists.c.o: In function `main':
CheckSymbolExists.c:(.text+0x16): undefined reference to `pthread_create'
collect2: error: ld returned 1 exit status
CMakeFiles/cmTC_0f8cc.dir/build.make:97: recipe for target 'cmTC_0f8cc' failed
make[1]: *** [cmTC_0f8cc] Error 1
make[1]: Leaving directory '/home/amr/asu_swarm_gp19/build/camera_calibration/CMakeFiles/CMakeTmp'
Makefile:126: recipe for target 'cmTC_0f8cc/fast' failed
make: *** [cmTC_0f8cc/fast] Error 2

File /home/amr/asu_swarm_gp19/build/camera_calibration/CMakeFiles/CMakeTmp/CheckSymbolExists.c:
/* */
#include <pthread.h>

int main(int argc, char** argv)
{
  (void)argv;
#ifndef pthread_create
  return ((int*)(&pthread_create))[argc];
#else
  (void)argc;
  return 0;
#endif
}

Determining if the function pthread_create exists in the pthreads failed with the following output:
Change Dir: /home/amr/asu_swarm_gp19/build/camera_calibration/CMakeFiles/CMakeTmp

Run Build Command:"/usr/bin/make" "cmTC_cd86d/fast"
/usr/bin/make -f CMakeFiles/cmTC_cd86d.dir/build.make CMakeFiles/cmTC_cd86d.dir/build
make[1]: Entering directory '/home/amr/asu_swarm_gp19/build/camera_calibration/CMakeFiles/CMakeTmp'
Building C object CMakeFiles/cmTC_cd86d.dir/CheckFunctionExists.c.o
/usr/bin/cc    -DCHECK_FUNCTION_EXISTS=pthread_create   -o CMakeFiles/cmTC_cd86d.dir/CheckFunctionExists.c.o   -c /usr/share/cmake-3.5/Modules/CheckFunctionExists.c
Linking C executable cmTC_cd86d
/usr/bin/cmake -E cmake_link_script CMakeFiles/cmTC_cd86d.dir/link.txt --verbose=1
/usr/bin/cc   -DCHECK_FUNCTION_EXISTS=pthread_create    CMakeFiles/cmTC_cd86d.dir/CheckFunctionExists.c.o  -o cmTC_cd86d -rdynamic -lpthreads 
/usr/bin/ld: cannot find -lpthreads
collect2: error: ld returned 1 exit status
CMakeFiles/cmTC_cd86d.dir/build.make:97: recipe for target 'cmTC_cd86d' failed
make[1]: *** [cmTC_cd86d] Error 1
make[1]: Leaving directory '/home/amr/asu_swarm_gp19/build/camera_calibration/CMakeFiles/CMakeTmp'
Makefile:126: recipe for target 'cmTC_cd86d/fast' failed
make: *** [cmTC_cd86d/fast] Error 2


